Using pre-set license
Built from '2020.2/staging' branch; Version is '2020.2.6f1 (8a2143876886) revision 9052483'; Using compiler version '192528614'; Build Type 'Release'
OS: 'Windows 10 Home; OS build 19041.867; Version 2004; 64bit' Language: 'en' Physical Memory: 16328 MB
BatchMode: 1, IsHumanControllingUs: 0, StartBugReporterOnCrash: 0, Is64bit: 1, IsPro: 0

 COMMAND LINE ARGUMENTS:
F:\Unity_Installs\2020.2.6f1\Editor\Unity.exe
-adb2
-batchMode
-noUpm
-name
AssetImportWorker0
-projectPath
C:/Users/GameDesign_Office/Desktop/Whale_of_a_Time/Whale_of_a_time/Whale_ofA_Time
-logFile
Logs/AssetImportWorker0.log
-srvPort
54074
Successfully changed project path to: C:/Users/GameDesign_Office/Desktop/Whale_of_a_Time/Whale_of_a_time/Whale_ofA_Time
C:/Users/GameDesign_Office/Desktop/Whale_of_a_Time/Whale_of_a_time/Whale_ofA_Time
Using Asset Import Pipeline V2.
Refreshing native plugins compatible for Editor in 67.66 ms, found 1 plugins.
Preloading 0 native plugins for Editor in 0.00 ms.
Initialize engine version: 2020.2.6f1 (8a2143876886)
[Subsystems] Discovering subsystems at path F:/Unity_Installs/2020.2.6f1/Editor/Data/Resources/UnitySubsystems
[Subsystems] Discovering subsystems at path C:/Users/GameDesign_Office/Desktop/Whale_of_a_Time/Whale_of_a_time/Whale_ofA_Time/Assets
GfxDevice: creating device client; threaded=0
Direct3D:
    Version:  Direct3D 11.0 [level 11.0]
    Renderer: NVIDIA GeForce GTX 750 Ti (ID=0x1380)
    Vendor:   
    VRAM:     2007 MB
    Driver:   27.21.14.6192
Initialize mono
Mono path[0] = 'F:/Unity_Installs/2020.2.6f1/Editor/Data/Managed'
Mono path[1] = 'F:/Unity_Installs/2020.2.6f1/Editor/Data/MonoBleedingEdge/lib/mono/unityjit'
Mono config path = 'F:/Unity_Installs/2020.2.6f1/Editor/Data/MonoBleedingEdge/etc'
Using monoOptions --debugger-agent=transport=dt_socket,embedding=1,server=y,suspend=n,address=127.0.0.1:56264
Begin MonoManager ReloadAssembly
Registering precompiled unity dll's ...
Register platform support module: F:/Unity_Installs/2020.2.6f1/Editor/Data/PlaybackEngines/WebGLSupport/UnityEditor.WebGL.Extensions.dll
Register platform support module: F:/Unity_Installs/2020.2.6f1/Editor/Data/PlaybackEngines/MacStandaloneSupport/UnityEditor.OSXStandalone.Extensions.dll
Register platform support module: F:/Unity_Installs/2020.2.6f1/Editor/Data/PlaybackEngines/WindowsStandaloneSupport/UnityEditor.WindowsStandalone.Extensions.dll
Register platform support module: F:/Unity_Installs/2020.2.6f1/Editor/Data/PlaybackEngines/LinuxStandaloneSupport/UnityEditor.LinuxStandalone.Extensions.dll
Registered in 0.004878 seconds.
Native extension for LinuxStandalone target not found
Native extension for WindowsStandalone target not found
Native extension for OSXStandalone target not found
Native extension for WebGL target not found
Refreshing native plugins compatible for Editor in 68.06 ms, found 1 plugins.
Preloading 0 native plugins for Editor in 0.00 ms.
Invoked RoslynAnalysisRunner static constructor.
RoslynAnalysisRunner will not be running.
RoslynAnalysisRunner has terminated.
Mono: successfully reloaded assembly
- Completed reload, in  2.834 seconds
Platform modules already initialized, skipping
Registering precompiled user dll's ...
Registered in 0.001788 seconds.
Begin MonoManager ReloadAssembly
Symbol file data-000001626DC50400 doesn't match image C:\Users\GameDesign_Office\Desktop\Whale_of_a_Time\Whale_of_a_time\Whale_ofA_Time\Library\ScriptAssemblies\Assembly-CSharp.dll
Symbol file LoadedFromMemory is not a mono symbol file
Native extension for LinuxStandalone target not found
Native extension for WindowsStandalone target not found
Native extension for OSXStandalone target not found
Native extension for WebGL target not found
Refreshing native plugins compatible for Editor in 82.73 ms, found 1 plugins.
Preloading 0 native plugins for Editor in 0.00 ms.
Invoked RoslynAnalysisRunner static constructor.
RoslynAnalysisRunner will not be running.
RoslynAnalysisRunner has terminated.
Mono: successfully reloaded assembly
- Completed reload, in  2.472 seconds
Platform modules already initialized, skipping
========================================================================
Worker process is ready to serve import requests
Launched and connected shader compiler UnityShaderCompiler.exe after 0.16 seconds
Refreshing native plugins compatible for Editor in 0.71 ms, found 1 plugins.
Preloading 0 native plugins for Editor in 0.00 ms.
Unloading 1800 Unused Serialized files (Serialized files now loaded: 0)
System memory in use before: 85.1 MB.
System memory in use after: 85.0 MB.

Unloading 24 unused Assets to reduce memory usage. Loaded Objects now: 2242.
Total: 3.882200 ms (FindLiveObjects: 0.380400 ms CreateObjectMapping: 0.085700 ms MarkObjects: 3.182400 ms  DeleteObjects: 0.231500 ms)

========================================================================
Received Import Request.
  path: Assets/Scripts/GameMaster.cs
  artifactKey: Guid(f27a39da57540af46b1e46ff12ac927f) Importer(815301076,1909f56bfc062723c751e8b465ee728b)
Start importing Assets/Scripts/GameMaster.cs using Guid(f27a39da57540af46b1e46ff12ac927f) Importer(815301076,1909f56bfc062723c751e8b465ee728b)  -> (artifact id: 'c06b7a7bc4c1d800dafd455a5c2e4d18') in 0.058024 seconds
  Import took 0.087562 seconds .

========================================================================
Received Import Request.
  Time since last request: 119.410862 seconds.
  path: Assets/Scripts/GameMaster.cs
  artifactKey: Guid(f27a39da57540af46b1e46ff12ac927f) Importer(815301076,1909f56bfc062723c751e8b465ee728b)
Start importing Assets/Scripts/GameMaster.cs using Guid(f27a39da57540af46b1e46ff12ac927f) Importer(815301076,1909f56bfc062723c751e8b465ee728b)  -> (artifact id: 'eac22f2746c8360b14f684db9c091172') in 0.018165 seconds
  Import took 0.023571 seconds .

========================================================================
Received Prepare
Registering precompiled user dll's ...
Registered in 0.001849 seconds.
Begin MonoManager ReloadAssembly
Native extension for LinuxStandalone target not found
Native extension for WindowsStandalone target not found
Native extension for OSXStandalone target not found
Native extension for WebGL target not found
Refreshing native plugins compatible for Editor in 0.65 ms, found 1 plugins.
Preloading 0 native plugins for Editor in 0.00 ms.
Invoked RoslynAnalysisRunner static constructor.
RoslynAnalysisRunner will not be running.
RoslynAnalysisRunner has terminated.
Mono: successfully reloaded assembly
- Completed reload, in  1.968 seconds
Platform modules already initialized, skipping
Refreshing native plugins compatible for Editor in 0.67 ms, found 1 plugins.
Preloading 0 native plugins for Editor in 0.00 ms.
Unloading 1795 Unused Serialized files (Serialized files now loaded: 0)
System memory in use before: 85.0 MB.
System memory in use after: 85.0 MB.

Unloading 12 unused Assets to reduce memory usage. Loaded Objects now: 2245.
Total: 3.682600 ms (FindLiveObjects: 0.390700 ms CreateObjectMapping: 0.126000 ms MarkObjects: 2.965300 ms  DeleteObjects: 0.198100 ms)

========================================================================
Received Prepare
Registering precompiled user dll's ...
Registered in 0.002529 seconds.
Begin MonoManager ReloadAssembly
Native extension for LinuxStandalone target not found
Native extension for WindowsStandalone target not found
Native extension for OSXStandalone target not found
Native extension for WebGL target not found
Refreshing native plugins compatible for Editor in 0.67 ms, found 1 plugins.
Preloading 0 native plugins for Editor in 0.00 ms.
Invoked RoslynAnalysisRunner static constructor.
RoslynAnalysisRunner will not be running.
RoslynAnalysisRunner has terminated.
Mono: successfully reloaded assembly
- Completed reload, in  2.036 seconds
Platform modules already initialized, skipping
Refreshing native plugins compatible for Editor in 0.62 ms, found 1 plugins.
Preloading 0 native plugins for Editor in 0.00 ms.
Unloading 1795 Unused Serialized files (Serialized files now loaded: 0)
System memory in use before: 85.1 MB.
System memory in use after: 85.1 MB.

Unloading 12 unused Assets to reduce memory usage. Loaded Objects now: 2248.
Total: 4.398900 ms (FindLiveObjects: 0.407500 ms CreateObjectMapping: 0.084500 ms MarkObjects: 3.688700 ms  DeleteObjects: 0.213700 ms)

========================================================================
Received Import Request.
  Time since last request: 84.156252 seconds.
  path: Assets/Scripts/GameMaster.cs
  artifactKey: Guid(f27a39da57540af46b1e46ff12ac927f) Importer(815301076,1909f56bfc062723c751e8b465ee728b)
Start importing Assets/Scripts/GameMaster.cs using Guid(f27a39da57540af46b1e46ff12ac927f) Importer(815301076,1909f56bfc062723c751e8b465ee728b)  -> (artifact id: '44136a0e8a51335a09b0df8805b02743') in 0.017047 seconds
  Import took 0.022453 seconds .

========================================================================
Received Prepare
Registering precompiled user dll's ...
Registered in 0.001826 seconds.
Begin MonoManager ReloadAssembly
Native extension for LinuxStandalone target not found
Native extension for WindowsStandalone target not found
Native extension for OSXStandalone target not found
Native extension for WebGL target not found
Refreshing native plugins compatible for Editor in 0.72 ms, found 1 plugins.
Preloading 0 native plugins for Editor in 0.00 ms.
Invoked RoslynAnalysisRunner static constructor.
RoslynAnalysisRunner will not be running.
RoslynAnalysisRunner has terminated.
Mono: successfully reloaded assembly
- Completed reload, in  2.701 seconds
Platform modules already initialized, skipping
Refreshing native plugins compatible for Editor in 0.70 ms, found 1 plugins.
Preloading 0 native plugins for Editor in 0.00 ms.
Unloading 1795 Unused Serialized files (Serialized files now loaded: 0)
System memory in use before: 85.1 MB.
System memory in use after: 85.1 MB.

Unloading 12 unused Assets to reduce memory usage. Loaded Objects now: 2251.
Total: 4.739200 ms (FindLiveObjects: 0.475600 ms CreateObjectMapping: 0.481200 ms MarkObjects: 3.566900 ms  DeleteObjects: 0.213300 ms)

========================================================================
Received Prepare
Registering precompiled user dll's ...
Registered in 0.001897 seconds.
Begin MonoManager ReloadAssembly
Native extension for LinuxStandalone target not found
Native extension for WindowsStandalone target not found
Native extension for OSXStandalone target not found
Native extension for WebGL target not found
Refreshing native plugins compatible for Editor in 0.66 ms, found 1 plugins.
Preloading 0 native plugins for Editor in 0.00 ms.
Invoked RoslynAnalysisRunner static constructor.
RoslynAnalysisRunner will not be running.
RoslynAnalysisRunner has terminated.
Mono: successfully reloaded assembly
- Completed reload, in  1.854 seconds
Platform modules already initialized, skipping
Refreshing native plugins compatible for Editor in 0.62 ms, found 1 plugins.
Preloading 0 native plugins for Editor in 0.00 ms.
Unloading 1795 Unused Serialized files (Serialized files now loaded: 0)
System memory in use before: 85.1 MB.
System memory in use after: 85.1 MB.

Unloading 12 unused Assets to reduce memory usage. Loaded Objects now: 2254.
Total: 4.756500 ms (FindLiveObjects: 0.581400 ms CreateObjectMapping: 0.470400 ms MarkObjects: 3.466700 ms  DeleteObjects: 0.234900 ms)

========================================================================
Received Prepare
Registering precompiled user dll's ...
Registered in 0.002504 seconds.
Begin MonoManager ReloadAssembly
Native extension for LinuxStandalone target not found
Native extension for WindowsStandalone target not found
Native extension for OSXStandalone target not found
Native extension for WebGL target not found
Refreshing native plugins compatible for Editor in 0.78 ms, found 1 plugins.
Preloading 0 native plugins for Editor in 0.00 ms.
Invoked RoslynAnalysisRunner static constructor.
RoslynAnalysisRunner will not be running.
RoslynAnalysisRunner has terminated.
Mono: successfully reloaded assembly
- Completed reload, in  1.853 seconds
Platform modules already initialized, skipping
Refreshing native plugins compatible for Editor in 0.79 ms, found 1 plugins.
Preloading 0 native plugins for Editor in 0.00 ms.
Unloading 1795 Unused Serialized files (Serialized files now loaded: 0)
System memory in use before: 85.2 MB.
System memory in use after: 85.1 MB.

Unloading 12 unused Assets to reduce memory usage. Loaded Objects now: 2257.
Total: 3.728800 ms (FindLiveObjects: 0.423200 ms CreateObjectMapping: 0.091700 ms MarkObjects: 2.996900 ms  DeleteObjects: 0.214500 ms)

========================================================================
Received Prepare
Registering precompiled user dll's ...
Registered in 0.001621 seconds.
Begin MonoManager ReloadAssembly
Native extension for LinuxStandalone target not found
Native extension for WindowsStandalone target not found
Native extension for OSXStandalone target not found
Native extension for WebGL target not found
Refreshing native plugins compatible for Editor in 0.71 ms, found 1 plugins.
Preloading 0 native plugins for Editor in 0.00 ms.
Invoked RoslynAnalysisRunner static constructor.
RoslynAnalysisRunner will not be running.
RoslynAnalysisRunner has terminated.
Mono: successfully reloaded assembly
- Completed reload, in  1.856 seconds
Platform modules already initialized, skipping
Refreshing native plugins compatible for Editor in 0.65 ms, found 1 plugins.
Preloading 0 native plugins for Editor in 0.00 ms.
Unloading 1795 Unused Serialized files (Serialized files now loaded: 0)
System memory in use before: 85.2 MB.
System memory in use after: 85.2 MB.

Unloading 12 unused Assets to reduce memory usage. Loaded Objects now: 2260.
Total: 4.091600 ms (FindLiveObjects: 0.726500 ms CreateObjectMapping: 0.322900 ms MarkObjects: 2.840000 ms  DeleteObjects: 0.199600 ms)

========================================================================
Received Prepare
Registering precompiled user dll's ...
Registered in 0.005306 seconds.
Begin MonoManager ReloadAssembly
Native extension for LinuxStandalone target not found
Native extension for WindowsStandalone target not found
Native extension for OSXStandalone target not found
Native extension for WebGL target not found
Refreshing native plugins compatible for Editor in 0.68 ms, found 1 plugins.
Preloading 0 native plugins for Editor in 0.00 ms.
Invoked RoslynAnalysisRunner static constructor.
RoslynAnalysisRunner will not be running.
RoslynAnalysisRunner has terminated.
Mono: successfully reloaded assembly
- Completed reload, in  2.361 seconds
Platform modules already initialized, skipping
Refreshing native plugins compatible for Editor in 0.71 ms, found 1 plugins.
Preloading 0 native plugins for Editor in 0.00 ms.
Unloading 1795 Unused Serialized files (Serialized files now loaded: 0)
System memory in use before: 85.2 MB.
System memory in use after: 85.2 MB.

Unloading 12 unused Assets to reduce memory usage. Loaded Objects now: 2263.
Total: 5.706000 ms (FindLiveObjects: 0.519500 ms CreateObjectMapping: 0.287100 ms MarkObjects: 4.656100 ms  DeleteObjects: 0.240600 ms)

========================================================================
Received Prepare
Registering precompiled user dll's ...
Registered in 0.005360 seconds.
Begin MonoManager ReloadAssembly
Native extension for LinuxStandalone target not found
Native extension for WindowsStandalone target not found
Native extension for OSXStandalone target not found
Native extension for WebGL target not found
Refreshing native plugins compatible for Editor in 0.65 ms, found 1 plugins.
Preloading 0 native plugins for Editor in 0.00 ms.
Invoked RoslynAnalysisRunner static constructor.
RoslynAnalysisRunner will not be running.
RoslynAnalysisRunner has terminated.
Mono: successfully reloaded assembly
- Completed reload, in  2.281 seconds
Platform modules already initialized, skipping
Refreshing native plugins compatible for Editor in 0.65 ms, found 1 plugins.
Preloading 0 native plugins for Editor in 0.00 ms.
Unloading 1795 Unused Serialized files (Serialized files now loaded: 0)
System memory in use before: 85.2 MB.
System memory in use after: 85.2 MB.

Unloading 12 unused Assets to reduce memory usage. Loaded Objects now: 2266.
Total: 3.515300 ms (FindLiveObjects: 0.553700 ms CreateObjectMapping: 0.098100 ms MarkObjects: 2.669500 ms  DeleteObjects: 0.190500 ms)

========================================================================
Received Import Request.
  Time since last request: 286.085987 seconds.
  path: Assets/Scenes/SampleScene.unity
  artifactKey: Guid(2cda990e2423bbf4892e6590ba056729) Importer(815301076,1909f56bfc062723c751e8b465ee728b)
Start importing Assets/Scenes/SampleScene.unity using Guid(2cda990e2423bbf4892e6590ba056729) Importer(815301076,1909f56bfc062723c751e8b465ee728b)  -> (artifact id: '392c2b9524ccece0734400bc1d211492') in 0.029770 seconds
  Import took 0.034436 seconds .

========================================================================
Received Import Request.
  Time since last request: 17.613295 seconds.
  path: Assets/Scenes/Level_One.unity
  artifactKey: Guid(2cda990e2423bbf4892e6590ba056729) Importer(815301076,1909f56bfc062723c751e8b465ee728b)
Start importing Assets/Scenes/Level_One.unity using Guid(2cda990e2423bbf4892e6590ba056729) Importer(815301076,1909f56bfc062723c751e8b465ee728b)  -> (artifact id: '8da913b2d3cf5169dcf8bac5a7057116') in 0.037859 seconds
  Import took 0.042707 seconds .

========================================================================
Received Import Request.
  Time since last request: 1.626563 seconds.
  path: Assets/Scenes
  artifactKey: Guid(c15d068e35c4c984485702d2d8d46119) Importer(815301076,1909f56bfc062723c751e8b465ee728b)
Start importing Assets/Scenes using Guid(c15d068e35c4c984485702d2d8d46119) Importer(815301076,1909f56bfc062723c751e8b465ee728b)  -> (artifact id: '1bf9fca2aaa315358bd3060395305aac') in 0.016716 seconds
  Import took 0.021274 seconds .

========================================================================
Received Import Request.
  Time since last request: 9.562088 seconds.
  path: Assets/Scenes/Splash_Screen.unity
  artifactKey: Guid(6c19d4a40a05bbd49966549472592a01) Importer(815301076,1909f56bfc062723c751e8b465ee728b)
Start importing Assets/Scenes/Splash_Screen.unity using Guid(6c19d4a40a05bbd49966549472592a01) Importer(815301076,1909f56bfc062723c751e8b465ee728b)  -> (artifact id: '99099478bbd686bd352656531c5a9247') in 0.019910 seconds
  Import took 0.025904 seconds .

========================================================================
Received Import Request.
  Time since last request: 27.341193 seconds.
  path: Assets/Session 5 - Assets
  artifactKey: Guid(30730d0565e703d4b8cf78d32188921f) Importer(815301076,1909f56bfc062723c751e8b465ee728b)
Start importing Assets/Session 5 - Assets using Guid(30730d0565e703d4b8cf78d32188921f) Importer(815301076,1909f56bfc062723c751e8b465ee728b)  -> (artifact id: 'dd7305a3c733d2587bd1efb25fc22ebe') in 0.025744 seconds
  Import took 0.031232 seconds .

========================================================================
Received Import Request.
  Time since last request: 37.608613 seconds.
  path: Assets/Sprites/Press_Enter_To_Play.png
  artifactKey: Guid(0f95cf56ead8f1642943bdd471902e38) Importer(815301076,1909f56bfc062723c751e8b465ee728b)
Start importing Assets/Sprites/Press_Enter_To_Play.png using Guid(0f95cf56ead8f1642943bdd471902e38) Importer(815301076,1909f56bfc062723c751e8b465ee728b)  -> (artifact id: '9f63f0d691e668541d1ec3effbebf67f') in 0.270586 seconds
  Import took 0.277375 seconds .

========================================================================
Received Import Request.
  Time since last request: 12.161417 seconds.
  path: Assets/Sprites
  artifactKey: Guid(6f36931806db7be47b0b8e8603b4b73c) Importer(815301076,1909f56bfc062723c751e8b465ee728b)
Start importing Assets/Sprites using Guid(6f36931806db7be47b0b8e8603b4b73c) Importer(815301076,1909f56bfc062723c751e8b465ee728b)  -> (artifact id: '3fc73840c2b6d9ac7c8c77a8a68a4334') in 0.030537 seconds
  Import took 0.035046 seconds .

========================================================================
Received Import Request.
  Time since last request: 12.582312 seconds.
  path: Assets/Sprites/Press_Enter_To_Play.png
  artifactKey: Guid(0f95cf56ead8f1642943bdd471902e38) Importer(815301076,1909f56bfc062723c751e8b465ee728b)
Start importing Assets/Sprites/Press_Enter_To_Play.png using Guid(0f95cf56ead8f1642943bdd471902e38) Importer(815301076,1909f56bfc062723c751e8b465ee728b)  -> (artifact id: '89e4af4e1fe566341b190c3eba2308a6') in 0.019721 seconds
  Import took 0.024520 seconds .

========================================================================
Received Import Request.
  Time since last request: 37.304833 seconds.
  path: Assets/Whale_Splash.jpg
  artifactKey: Guid(cf55925d7712f3a4bb3c800a3247dd82) Importer(815301076,1909f56bfc062723c751e8b465ee728b)
Start importing Assets/Whale_Splash.jpg using Guid(cf55925d7712f3a4bb3c800a3247dd82) Importer(815301076,1909f56bfc062723c751e8b465ee728b)  -> (artifact id: '29a563b689880ba71bf84b560719e477') in 0.052652 seconds
  Import took 0.106322 seconds .

========================================================================
Received Import Request.
  Time since last request: 23.940947 seconds.
  path: Assets/Press_Enter_To_Play.png
  artifactKey: Guid(be23eba5c58a51d46bbc7b74bbf94b5d) Importer(815301076,1909f56bfc062723c751e8b465ee728b)
Start importing Assets/Press_Enter_To_Play.png using Guid(be23eba5c58a51d46bbc7b74bbf94b5d) Importer(815301076,1909f56bfc062723c751e8b465ee728b)  -> (artifact id: 'c09aa78a74248a58edb73b5918a49e15') in 0.031704 seconds
  Import took 0.037839 seconds .

========================================================================
Received Import Request.
  Time since last request: 40.703228 seconds.
  path: Assets/2- Dark Fantasy Studio - Start your engine.wav
  artifactKey: Guid(9eeeaf2e286443944b226707057a75fa) Importer(815301076,1909f56bfc062723c751e8b465ee728b)
Start importing Assets/2- Dark Fantasy Studio - Start your engine.wav using Guid(9eeeaf2e286443944b226707057a75fa) Importer(815301076,1909f56bfc062723c751e8b465ee728b)  -> (artifact id: 'b668070c06fd6a692110a7fae135673c') in 0.077160 seconds
  Import took 0.081967 seconds .

========================================================================
Received Import Request.
  Time since last request: 136.320259 seconds.
  path: Assets/Splash_Screen_Master.cs
  artifactKey: Guid(7a68a3723e4e671488ee860916672420) Importer(815301076,1909f56bfc062723c751e8b465ee728b)
Start importing Assets/Splash_Screen_Master.cs using Guid(7a68a3723e4e671488ee860916672420) Importer(815301076,1909f56bfc062723c751e8b465ee728b)  -> (artifact id: '80eae8f661235a97040d53f1877ac649') in 0.131567 seconds
  Import took 0.148084 seconds .

========================================================================
Received Prepare
Registering precompiled user dll's ...
Registered in 0.004461 seconds.
Begin MonoManager ReloadAssembly
Native extension for LinuxStandalone target not found
Native extension for WindowsStandalone target not found
Native extension for OSXStandalone target not found
Native extension for WebGL target not found
Refreshing native plugins compatible for Editor in 0.95 ms, found 1 plugins.
Preloading 0 native plugins for Editor in 0.00 ms.
Invoked RoslynAnalysisRunner static constructor.
RoslynAnalysisRunner will not be running.
RoslynAnalysisRunner has terminated.
Mono: successfully reloaded assembly
- Completed reload, in  1.937 seconds
Platform modules already initialized, skipping
Refreshing native plugins compatible for Editor in 0.80 ms, found 1 plugins.
Preloading 0 native plugins for Editor in 0.00 ms.
Unloading 1796 Unused Serialized files (Serialized files now loaded: 0)
System memory in use before: 88.4 MB.
System memory in use after: 88.4 MB.

Unloading 12 unused Assets to reduce memory usage. Loaded Objects now: 2284.
Total: 7.404700 ms (FindLiveObjects: 0.457900 ms CreateObjectMapping: 0.083800 ms MarkObjects: 6.609500 ms  DeleteObjects: 0.250200 ms)

========================================================================
Received Prepare
Registering precompiled user dll's ...
Registered in 0.001656 seconds.
Begin MonoManager ReloadAssembly
Native extension for LinuxStandalone target not found
Native extension for WindowsStandalone target not found
Native extension for OSXStandalone target not found
Native extension for WebGL target not found
Refreshing native plugins compatible for Editor in 0.86 ms, found 1 plugins.
Preloading 0 native plugins for Editor in 0.00 ms.
Invoked RoslynAnalysisRunner static constructor.
RoslynAnalysisRunner will not be running.
RoslynAnalysisRunner has terminated.
Mono: successfully reloaded assembly
- Completed reload, in  1.912 seconds
Platform modules already initialized, skipping
Refreshing native plugins compatible for Editor in 0.65 ms, found 1 plugins.
Preloading 0 native plugins for Editor in 0.00 ms.
Unloading 1796 Unused Serialized files (Serialized files now loaded: 0)
System memory in use before: 88.4 MB.
System memory in use after: 88.4 MB.

Unloading 12 unused Assets to reduce memory usage. Loaded Objects now: 2287.
Total: 3.574600 ms (FindLiveObjects: 0.395800 ms CreateObjectMapping: 0.097400 ms MarkObjects: 2.850000 ms  DeleteObjects: 0.229800 ms)

========================================================================
Received Import Request.
  Time since last request: 75.732165 seconds.
  path: Assets/Splash_Screen_Master.cs
  artifactKey: Guid(7a68a3723e4e671488ee860916672420) Importer(815301076,1909f56bfc062723c751e8b465ee728b)
Start importing Assets/Splash_Screen_Master.cs using Guid(7a68a3723e4e671488ee860916672420) Importer(815301076,1909f56bfc062723c751e8b465ee728b)  -> (artifact id: 'c15c0a318a7f3cb5e2aad392494a2757') in 0.018995 seconds
  Import took 0.024205 seconds .

========================================================================
Received Prepare
Registering precompiled user dll's ...
Registered in 0.002674 seconds.
Begin MonoManager ReloadAssembly
Native extension for LinuxStandalone target not found
Native extension for WindowsStandalone target not found
Native extension for OSXStandalone target not found
Native extension for WebGL target not found
Refreshing native plugins compatible for Editor in 1.28 ms, found 1 plugins.
Preloading 0 native plugins for Editor in 0.00 ms.
Invoked RoslynAnalysisRunner static constructor.
RoslynAnalysisRunner will not be running.
RoslynAnalysisRunner has terminated.
Mono: successfully reloaded assembly
- Completed reload, in  2.241 seconds
Platform modules already initialized, skipping
Refreshing native plugins compatible for Editor in 0.63 ms, found 1 plugins.
Preloading 0 native plugins for Editor in 0.00 ms.
Unloading 1796 Unused Serialized files (Serialized files now loaded: 0)
System memory in use before: 88.4 MB.
System memory in use after: 88.4 MB.

Unloading 12 unused Assets to reduce memory usage. Loaded Objects now: 2290.
Total: 4.699000 ms (FindLiveObjects: 0.505900 ms CreateObjectMapping: 0.207300 ms MarkObjects: 3.762500 ms  DeleteObjects: 0.220500 ms)

========================================================================
Received Prepare
Registering precompiled user dll's ...
Registered in 0.002273 seconds.
Begin MonoManager ReloadAssembly
Native extension for LinuxStandalone target not found
Native extension for WindowsStandalone target not found
Native extension for OSXStandalone target not found
Native extension for WebGL target not found
Refreshing native plugins compatible for Editor in 0.80 ms, found 1 plugins.
Preloading 0 native plugins for Editor in 0.00 ms.
Invoked RoslynAnalysisRunner static constructor.
RoslynAnalysisRunner will not be running.
RoslynAnalysisRunner has terminated.
Mono: successfully reloaded assembly
- Completed reload, in  2.181 seconds
Platform modules already initialized, skipping
Refreshing native plugins compatible for Editor in 0.65 ms, found 1 plugins.
Preloading 0 native plugins for Editor in 0.00 ms.
Unloading 1796 Unused Serialized files (Serialized files now loaded: 0)
System memory in use before: 88.4 MB.
System memory in use after: 88.4 MB.

Unloading 12 unused Assets to reduce memory usage. Loaded Objects now: 2293.
Total: 3.656300 ms (FindLiveObjects: 0.435800 ms CreateObjectMapping: 0.088900 ms MarkObjects: 2.865100 ms  DeleteObjects: 0.263500 ms)

========================================================================
Received Import Request.
  Time since last request: 134.831917 seconds.
  path: Assets/Scripts/Whale_Movement.cs
  artifactKey: Guid(1814cb0bb0d93154b9e497fe48bb20e1) Importer(815301076,1909f56bfc062723c751e8b465ee728b)
Start importing Assets/Scripts/Whale_Movement.cs using Guid(1814cb0bb0d93154b9e497fe48bb20e1) Importer(815301076,1909f56bfc062723c751e8b465ee728b)  -> (artifact id: '0f9c94b4c51b884c14cbb9e102edc8b4') in 0.035721 seconds
  Import took 0.041894 seconds .

========================================================================
Received Prepare
Registering precompiled user dll's ...
Registered in 0.003222 seconds.
Begin MonoManager ReloadAssembly
Native extension for LinuxStandalone target not found
Native extension for WindowsStandalone target not found
Native extension for OSXStandalone target not found
Native extension for WebGL target not found
Refreshing native plugins compatible for Editor in 0.67 ms, found 1 plugins.
Preloading 0 native plugins for Editor in 0.00 ms.
Invoked RoslynAnalysisRunner static constructor.
RoslynAnalysisRunner will not be running.
RoslynAnalysisRunner has terminated.
Mono: successfully reloaded assembly
- Completed reload, in  1.671 seconds
Platform modules already initialized, skipping
Refreshing native plugins compatible for Editor in 0.86 ms, found 1 plugins.
Preloading 0 native plugins for Editor in 0.00 ms.
Unloading 1796 Unused Serialized files (Serialized files now loaded: 0)
System memory in use before: 88.4 MB.
System memory in use after: 88.4 MB.

Unloading 12 unused Assets to reduce memory usage. Loaded Objects now: 2296.
Total: 3.382500 ms (FindLiveObjects: 0.361000 ms CreateObjectMapping: 0.099000 ms MarkObjects: 2.724500 ms  DeleteObjects: 0.195300 ms)

========================================================================
Received Import Request.
  Time since last request: 49.643233 seconds.
  path: Assets/Scripts/Whale_Movement.cs
  artifactKey: Guid(1814cb0bb0d93154b9e497fe48bb20e1) Importer(815301076,1909f56bfc062723c751e8b465ee728b)
Start importing Assets/Scripts/Whale_Movement.cs using Guid(1814cb0bb0d93154b9e497fe48bb20e1) Importer(815301076,1909f56bfc062723c751e8b465ee728b)  -> (artifact id: '2725ea7f599da39c108663713e99fa2f') in 0.019065 seconds
  Import took 0.023901 seconds .

========================================================================
Received Prepare
Registering precompiled user dll's ...
Registered in 0.001691 seconds.
Begin MonoManager ReloadAssembly
Native extension for LinuxStandalone target not found
Native extension for WindowsStandalone target not found
Native extension for OSXStandalone target not found
Native extension for WebGL target not found
Refreshing native plugins compatible for Editor in 0.75 ms, found 1 plugins.
Preloading 0 native plugins for Editor in 0.00 ms.
Invoked RoslynAnalysisRunner static constructor.
RoslynAnalysisRunner will not be running.
RoslynAnalysisRunner has terminated.
Mono: successfully reloaded assembly
- Completed reload, in  1.762 seconds
Platform modules already initialized, skipping
Refreshing native plugins compatible for Editor in 0.65 ms, found 1 plugins.
Preloading 0 native plugins for Editor in 0.00 ms.
Unloading 1796 Unused Serialized files (Serialized files now loaded: 0)
System memory in use before: 88.4 MB.
System memory in use after: 88.4 MB.

Unloading 12 unused Assets to reduce memory usage. Loaded Objects now: 2299.
Total: 4.238800 ms (FindLiveObjects: 0.562200 ms CreateObjectMapping: 0.324100 ms MarkObjects: 3.147300 ms  DeleteObjects: 0.201500 ms)

AssetImportWorkerClient::OnTransportError - code=2 error=End of file
