Using pre-set license
Built from '2020.2/staging' branch; Version is '2020.2.6f1 (8a2143876886) revision 9052483'; Using compiler version '192528614'; Build Type 'Release'
OS: 'Windows 10 Home; OS build 19041.867; Version 2004; 64bit' Language: 'en' Physical Memory: 16328 MB
BatchMode: 1, IsHumanControllingUs: 0, StartBugReporterOnCrash: 0, Is64bit: 1, IsPro: 0

 COMMAND LINE ARGUMENTS:
F:\Unity_Installs\2020.2.6f1\Editor\Unity.exe
-adb2
-batchMode
-noUpm
-name
AssetImportWorker0
-projectPath
C:/Users/GameDesign_Office/Desktop/Whale_of_a_Time/Whale_of_a_time/Whale_ofA_Time
-logFile
Logs/AssetImportWorker0.log
-srvPort
62732
Successfully changed project path to: C:/Users/GameDesign_Office/Desktop/Whale_of_a_Time/Whale_of_a_time/Whale_ofA_Time
C:/Users/GameDesign_Office/Desktop/Whale_of_a_Time/Whale_of_a_time/Whale_ofA_Time
Using Asset Import Pipeline V2.
Refreshing native plugins compatible for Editor in 74.25 ms, found 1 plugins.
Preloading 0 native plugins for Editor in 0.00 ms.
Initialize engine version: 2020.2.6f1 (8a2143876886)
[Subsystems] Discovering subsystems at path F:/Unity_Installs/2020.2.6f1/Editor/Data/Resources/UnitySubsystems
[Subsystems] Discovering subsystems at path C:/Users/GameDesign_Office/Desktop/Whale_of_a_Time/Whale_of_a_time/Whale_ofA_Time/Assets
GfxDevice: creating device client; threaded=0
Direct3D:
    Version:  Direct3D 11.0 [level 11.0]
    Renderer: NVIDIA GeForce GTX 750 Ti (ID=0x1380)
    Vendor:   
    VRAM:     2007 MB
    Driver:   27.21.14.6192
Initialize mono
Mono path[0] = 'F:/Unity_Installs/2020.2.6f1/Editor/Data/Managed'
Mono path[1] = 'F:/Unity_Installs/2020.2.6f1/Editor/Data/MonoBleedingEdge/lib/mono/unityjit'
Mono config path = 'F:/Unity_Installs/2020.2.6f1/Editor/Data/MonoBleedingEdge/etc'
Using monoOptions --debugger-agent=transport=dt_socket,embedding=1,server=y,suspend=n,address=127.0.0.1:56788
Begin MonoManager ReloadAssembly
Registering precompiled unity dll's ...
Register platform support module: F:/Unity_Installs/2020.2.6f1/Editor/Data/PlaybackEngines/WebGLSupport/UnityEditor.WebGL.Extensions.dll
Register platform support module: F:/Unity_Installs/2020.2.6f1/Editor/Data/PlaybackEngines/MacStandaloneSupport/UnityEditor.OSXStandalone.Extensions.dll
Register platform support module: F:/Unity_Installs/2020.2.6f1/Editor/Data/PlaybackEngines/WindowsStandaloneSupport/UnityEditor.WindowsStandalone.Extensions.dll
Register platform support module: F:/Unity_Installs/2020.2.6f1/Editor/Data/PlaybackEngines/LinuxStandaloneSupport/UnityEditor.LinuxStandalone.Extensions.dll
Registered in 0.003853 seconds.
Native extension for LinuxStandalone target not found
Native extension for WindowsStandalone target not found
Native extension for OSXStandalone target not found
Native extension for WebGL target not found
Refreshing native plugins compatible for Editor in 74.03 ms, found 1 plugins.
Preloading 0 native plugins for Editor in 0.00 ms.
Invoked RoslynAnalysisRunner static constructor.
RoslynAnalysisRunner will not be running.
RoslynAnalysisRunner has terminated.
Mono: successfully reloaded assembly
- Completed reload, in  3.074 seconds
Platform modules already initialized, skipping
Registering precompiled user dll's ...
Registered in 0.002159 seconds.
Begin MonoManager ReloadAssembly
Native extension for LinuxStandalone target not found
Native extension for WindowsStandalone target not found
Native extension for OSXStandalone target not found
Native extension for WebGL target not found
Refreshing native plugins compatible for Editor in 75.71 ms, found 1 plugins.
Preloading 0 native plugins for Editor in 0.00 ms.
Invoked RoslynAnalysisRunner static constructor.
RoslynAnalysisRunner will not be running.
RoslynAnalysisRunner has terminated.
Mono: successfully reloaded assembly
- Completed reload, in  2.146 seconds
Platform modules already initialized, skipping
========================================================================
Worker process is ready to serve import requests
Launched and connected shader compiler UnityShaderCompiler.exe after 0.18 seconds
Refreshing native plugins compatible for Editor in 0.79 ms, found 1 plugins.
Preloading 0 native plugins for Editor in 0.00 ms.
Unloading 1801 Unused Serialized files (Serialized files now loaded: 0)
System memory in use before: 85.1 MB.
System memory in use after: 85.1 MB.

Unloading 24 unused Assets to reduce memory usage. Loaded Objects now: 2243.
Total: 9.986300 ms (FindLiveObjects: 0.420000 ms CreateObjectMapping: 0.129100 ms MarkObjects: 8.953100 ms  DeleteObjects: 0.477300 ms)

========================================================================
Received Import Request.
  path: Assets/Scripts/Whale_Movement.cs
  artifactKey: Guid(1814cb0bb0d93154b9e497fe48bb20e1) Importer(815301076,1909f56bfc062723c751e8b465ee728b)
Start importing Assets/Scripts/Whale_Movement.cs using Guid(1814cb0bb0d93154b9e497fe48bb20e1) Importer(815301076,1909f56bfc062723c751e8b465ee728b)  -> (artifact id: '6e23ab36999aba06bc0edc9d70c6d54e') in 0.062164 seconds
  Import took 0.067322 seconds .

========================================================================
Received Prepare
Registering precompiled user dll's ...
Registered in 0.001870 seconds.
Begin MonoManager ReloadAssembly
Native extension for LinuxStandalone target not found
Native extension for WindowsStandalone target not found
Native extension for OSXStandalone target not found
Native extension for WebGL target not found
Refreshing native plugins compatible for Editor in 0.69 ms, found 1 plugins.
Preloading 0 native plugins for Editor in 0.00 ms.
Invoked RoslynAnalysisRunner static constructor.
RoslynAnalysisRunner will not be running.
RoslynAnalysisRunner has terminated.
Mono: successfully reloaded assembly
- Completed reload, in  1.991 seconds
Platform modules already initialized, skipping
Refreshing native plugins compatible for Editor in 0.66 ms, found 1 plugins.
Preloading 0 native plugins for Editor in 0.00 ms.
Unloading 1796 Unused Serialized files (Serialized files now loaded: 0)
System memory in use before: 85.1 MB.
System memory in use after: 85.1 MB.

Unloading 12 unused Assets to reduce memory usage. Loaded Objects now: 2246.
Total: 3.359500 ms (FindLiveObjects: 0.497300 ms CreateObjectMapping: 0.094700 ms MarkObjects: 2.555700 ms  DeleteObjects: 0.209300 ms)

========================================================================
Received Import Request.
  Time since last request: 230.647487 seconds.
  path: Assets/Audio/Universal Sound FX/8BIT/Hits_Bumps
  artifactKey: Guid(65d9f5f058fc23649bf87073d8b57726) Importer(815301076,1909f56bfc062723c751e8b465ee728b)
Start importing Assets/Audio/Universal Sound FX/8BIT/Hits_Bumps using Guid(65d9f5f058fc23649bf87073d8b57726) Importer(815301076,1909f56bfc062723c751e8b465ee728b)  -> (artifact id: 'b8fc045cb6a6ab2a75bff9096bea3642') in 0.030251 seconds
  Import took 0.035394 seconds .

========================================================================
Received Import Request.
  Time since last request: 1.750997 seconds.
  path: Assets/Audio/Universal Sound FX/8BIT/Hits_Bumps/This_Hit_for_Whale.wav
  artifactKey: Guid(2c6ab4ba8db3a2345ba6110e6bf1c1c0) Importer(815301076,1909f56bfc062723c751e8b465ee728b)
Start importing Assets/Audio/Universal Sound FX/8BIT/Hits_Bumps/This_Hit_for_Whale.wav using Guid(2c6ab4ba8db3a2345ba6110e6bf1c1c0) Importer(815301076,1909f56bfc062723c751e8b465ee728b)  -> (artifact id: 'e93fe292385d5578b76cb36ea409fa3b') in 0.211444 seconds
  Import took 0.215999 seconds .

========================================================================
Received Prepare
Registering precompiled user dll's ...
Registered in 0.001915 seconds.
Begin MonoManager ReloadAssembly
Native extension for LinuxStandalone target not found
Native extension for WindowsStandalone target not found
Native extension for OSXStandalone target not found
Native extension for WebGL target not found
Refreshing native plugins compatible for Editor in 0.66 ms, found 1 plugins.
Preloading 0 native plugins for Editor in 0.00 ms.
Invoked RoslynAnalysisRunner static constructor.
RoslynAnalysisRunner will not be running.
RoslynAnalysisRunner has terminated.
Mono: successfully reloaded assembly
- Completed reload, in  1.886 seconds
Platform modules already initialized, skipping
Refreshing native plugins compatible for Editor in 0.75 ms, found 1 plugins.
Preloading 0 native plugins for Editor in 0.00 ms.
Unloading 1796 Unused Serialized files (Serialized files now loaded: 0)
System memory in use before: 88.3 MB.
System memory in use after: 88.2 MB.

Unloading 12 unused Assets to reduce memory usage. Loaded Objects now: 2258.
Total: 3.610200 ms (FindLiveObjects: 0.380900 ms CreateObjectMapping: 0.094400 ms MarkObjects: 2.921800 ms  DeleteObjects: 0.210700 ms)

========================================================================
Received Prepare
Registering precompiled user dll's ...
Registered in 0.001824 seconds.
Begin MonoManager ReloadAssembly
Native extension for LinuxStandalone target not found
Native extension for WindowsStandalone target not found
Native extension for OSXStandalone target not found
Native extension for WebGL target not found
Refreshing native plugins compatible for Editor in 0.86 ms, found 1 plugins.
Preloading 0 native plugins for Editor in 0.00 ms.
Invoked RoslynAnalysisRunner static constructor.
RoslynAnalysisRunner will not be running.
RoslynAnalysisRunner has terminated.
Mono: successfully reloaded assembly
- Completed reload, in  2.455 seconds
Platform modules already initialized, skipping
Refreshing native plugins compatible for Editor in 1.09 ms, found 1 plugins.
Preloading 0 native plugins for Editor in 0.00 ms.
Unloading 1796 Unused Serialized files (Serialized files now loaded: 0)
System memory in use before: 88.3 MB.
System memory in use after: 88.3 MB.

Unloading 12 unused Assets to reduce memory usage. Loaded Objects now: 2261.
Total: 4.145000 ms (FindLiveObjects: 0.366900 ms CreateObjectMapping: 0.100900 ms MarkObjects: 3.465800 ms  DeleteObjects: 0.208500 ms)

========================================================================
Received Prepare
Registering precompiled user dll's ...
Registered in 0.004018 seconds.
Begin MonoManager ReloadAssembly
Native extension for LinuxStandalone target not found
Native extension for WindowsStandalone target not found
Native extension for OSXStandalone target not found
Native extension for WebGL target not found
Refreshing native plugins compatible for Editor in 2.35 ms, found 1 plugins.
Preloading 0 native plugins for Editor in 0.00 ms.
Invoked RoslynAnalysisRunner static constructor.
RoslynAnalysisRunner will not be running.
RoslynAnalysisRunner has terminated.
Mono: successfully reloaded assembly
- Completed reload, in  1.668 seconds
Platform modules already initialized, skipping
Refreshing native plugins compatible for Editor in 0.64 ms, found 1 plugins.
Preloading 0 native plugins for Editor in 0.00 ms.
Unloading 1796 Unused Serialized files (Serialized files now loaded: 0)
System memory in use before: 88.3 MB.
System memory in use after: 88.3 MB.

Unloading 12 unused Assets to reduce memory usage. Loaded Objects now: 2264.
Total: 4.314600 ms (FindLiveObjects: 0.377400 ms CreateObjectMapping: 0.130400 ms MarkObjects: 3.614200 ms  DeleteObjects: 0.189700 ms)

========================================================================
Received Prepare
Registering precompiled user dll's ...
Registered in 0.003305 seconds.
Begin MonoManager ReloadAssembly
Native extension for LinuxStandalone target not found
Native extension for WindowsStandalone target not found
Native extension for OSXStandalone target not found
Native extension for WebGL target not found
Refreshing native plugins compatible for Editor in 0.62 ms, found 1 plugins.
Preloading 0 native plugins for Editor in 0.00 ms.
Invoked RoslynAnalysisRunner static constructor.
RoslynAnalysisRunner will not be running.
RoslynAnalysisRunner has terminated.
Mono: successfully reloaded assembly
- Completed reload, in  2.500 seconds
Platform modules already initialized, skipping
Refreshing native plugins compatible for Editor in 0.62 ms, found 1 plugins.
Preloading 0 native plugins for Editor in 0.00 ms.
Unloading 1796 Unused Serialized files (Serialized files now loaded: 0)
System memory in use before: 88.3 MB.
System memory in use after: 88.3 MB.

Unloading 12 unused Assets to reduce memory usage. Loaded Objects now: 2267.
Total: 9.417600 ms (FindLiveObjects: 0.865600 ms CreateObjectMapping: 0.217500 ms MarkObjects: 7.970700 ms  DeleteObjects: 0.360500 ms)

========================================================================
Received Prepare
Registering precompiled user dll's ...
Registered in 0.001776 seconds.
Begin MonoManager ReloadAssembly
Native extension for LinuxStandalone target not found
Native extension for WindowsStandalone target not found
Native extension for OSXStandalone target not found
Native extension for WebGL target not found
Refreshing native plugins compatible for Editor in 0.86 ms, found 1 plugins.
Preloading 0 native plugins for Editor in 0.00 ms.
Invoked RoslynAnalysisRunner static constructor.
RoslynAnalysisRunner will not be running.
RoslynAnalysisRunner has terminated.
Mono: successfully reloaded assembly
- Completed reload, in  1.920 seconds
Platform modules already initialized, skipping
Refreshing native plugins compatible for Editor in 0.76 ms, found 1 plugins.
Preloading 0 native plugins for Editor in 0.00 ms.
Unloading 1796 Unused Serialized files (Serialized files now loaded: 0)
System memory in use before: 88.3 MB.
System memory in use after: 88.3 MB.

Unloading 12 unused Assets to reduce memory usage. Loaded Objects now: 2270.
Total: 5.602800 ms (FindLiveObjects: 0.424900 ms CreateObjectMapping: 0.263100 ms MarkObjects: 4.588600 ms  DeleteObjects: 0.324300 ms)

========================================================================
Received Prepare
Registering precompiled user dll's ...
Registered in 0.002191 seconds.
Begin MonoManager ReloadAssembly
Native extension for LinuxStandalone target not found
Native extension for WindowsStandalone target not found
Native extension for OSXStandalone target not found
Native extension for WebGL target not found
Refreshing native plugins compatible for Editor in 0.68 ms, found 1 plugins.
Preloading 0 native plugins for Editor in 0.00 ms.
Invoked RoslynAnalysisRunner static constructor.
RoslynAnalysisRunner will not be running.
RoslynAnalysisRunner has terminated.
Mono: successfully reloaded assembly
- Completed reload, in  2.377 seconds
Platform modules already initialized, skipping
Refreshing native plugins compatible for Editor in 0.63 ms, found 1 plugins.
Preloading 0 native plugins for Editor in 0.00 ms.
Unloading 1796 Unused Serialized files (Serialized files now loaded: 0)
System memory in use before: 88.3 MB.
System memory in use after: 88.3 MB.

Unloading 12 unused Assets to reduce memory usage. Loaded Objects now: 2273.
Total: 4.680800 ms (FindLiveObjects: 0.663100 ms CreateObjectMapping: 0.151500 ms MarkObjects: 3.667700 ms  DeleteObjects: 0.195900 ms)

========================================================================
Received Prepare
Registering precompiled user dll's ...
Registered in 0.002698 seconds.
Begin MonoManager ReloadAssembly
Native extension for LinuxStandalone target not found
Native extension for WindowsStandalone target not found
Native extension for OSXStandalone target not found
Native extension for WebGL target not found
Refreshing native plugins compatible for Editor in 0.73 ms, found 1 plugins.
Preloading 0 native plugins for Editor in 0.00 ms.
Invoked RoslynAnalysisRunner static constructor.
RoslynAnalysisRunner will not be running.
RoslynAnalysisRunner has terminated.
Mono: successfully reloaded assembly
- Completed reload, in  2.479 seconds
Platform modules already initialized, skipping
Refreshing native plugins compatible for Editor in 0.70 ms, found 1 plugins.
Preloading 0 native plugins for Editor in 0.00 ms.
Unloading 1796 Unused Serialized files (Serialized files now loaded: 0)
System memory in use before: 88.3 MB.
System memory in use after: 88.3 MB.

Unloading 12 unused Assets to reduce memory usage. Loaded Objects now: 2276.
Total: 3.832900 ms (FindLiveObjects: 0.360000 ms CreateObjectMapping: 0.080500 ms MarkObjects: 3.026700 ms  DeleteObjects: 0.363100 ms)

========================================================================
Received Prepare
Registering precompiled user dll's ...
Registered in 0.001929 seconds.
Begin MonoManager ReloadAssembly
Native extension for LinuxStandalone target not found
Native extension for WindowsStandalone target not found
Native extension for OSXStandalone target not found
Native extension for WebGL target not found
Refreshing native plugins compatible for Editor in 0.70 ms, found 1 plugins.
Preloading 0 native plugins for Editor in 0.00 ms.
Invoked RoslynAnalysisRunner static constructor.
RoslynAnalysisRunner will not be running.
RoslynAnalysisRunner has terminated.
Mono: successfully reloaded assembly
- Completed reload, in  1.881 seconds
Platform modules already initialized, skipping
Refreshing native plugins compatible for Editor in 0.62 ms, found 1 plugins.
Preloading 0 native plugins for Editor in 0.00 ms.
Unloading 1796 Unused Serialized files (Serialized files now loaded: 0)
System memory in use before: 88.3 MB.
System memory in use after: 88.3 MB.

Unloading 12 unused Assets to reduce memory usage. Loaded Objects now: 2279.
Total: 3.447800 ms (FindLiveObjects: 0.376400 ms CreateObjectMapping: 0.089400 ms MarkObjects: 2.774700 ms  DeleteObjects: 0.205500 ms)

========================================================================
Received Import Request.
  Time since last request: 843.525663 seconds.
  path: Assets/Animations
  artifactKey: Guid(1130495e58f484b4cb4d626e4b830526) Importer(815301076,1909f56bfc062723c751e8b465ee728b)
Start importing Assets/Animations using Guid(1130495e58f484b4cb4d626e4b830526) Importer(815301076,1909f56bfc062723c751e8b465ee728b)  -> (artifact id: 'd87285f8fc40d35a3976fad6368c1d6d') in 0.019887 seconds
  Import took 0.029945 seconds .

========================================================================
Received Import Request.
  Time since last request: 4.750882 seconds.
  path: Assets/Animation
  artifactKey: Guid(1130495e58f484b4cb4d626e4b830526) Importer(815301076,1909f56bfc062723c751e8b465ee728b)
Start importing Assets/Animation using Guid(1130495e58f484b4cb4d626e4b830526) Importer(815301076,1909f56bfc062723c751e8b465ee728b)  -> (artifact id: '773d73a8f6a37efc11d1d0d39b328363') in 0.009522 seconds
  Import took 0.015314 seconds .

========================================================================
Received Import Request.
  Time since last request: 10.502993 seconds.
  path: Assets/Animation/Animations
  artifactKey: Guid(60f40399a0c49994d8e0d71a9ffa7aa4) Importer(815301076,1909f56bfc062723c751e8b465ee728b)
Start importing Assets/Animation/Animations using Guid(60f40399a0c49994d8e0d71a9ffa7aa4) Importer(815301076,1909f56bfc062723c751e8b465ee728b)  -> (artifact id: '68516c5b46e6da33839444ce02f726f3') in 0.005804 seconds
  Import took 0.011425 seconds .

========================================================================
Received Import Request.
  Time since last request: 4.820224 seconds.
  path: Assets/Animation/Cannon
  artifactKey: Guid(60f40399a0c49994d8e0d71a9ffa7aa4) Importer(815301076,1909f56bfc062723c751e8b465ee728b)
Start importing Assets/Animation/Cannon using Guid(60f40399a0c49994d8e0d71a9ffa7aa4) Importer(815301076,1909f56bfc062723c751e8b465ee728b)  -> (artifact id: 'be9c148789eb60890083275cddceeace') in 0.007043 seconds
  Import took 0.013070 seconds .

========================================================================
Received Import Request.
  Time since last request: 11.029691 seconds.
  path: Assets/CannonShoot.anim
  artifactKey: Guid(3cf48044c976fbc48ad4e7f54762714c) Importer(815301076,1909f56bfc062723c751e8b465ee728b)
Start importing Assets/CannonShoot.anim using Guid(3cf48044c976fbc48ad4e7f54762714c) Importer(815301076,1909f56bfc062723c751e8b465ee728b)  -> (artifact id: '457623db57ade91bef82aa1e0d2ef99b') in 0.056313 seconds
  Import took 0.062855 seconds .

========================================================================
Received Import Request.
  Time since last request: 27.594592 seconds.
  path: Assets/Animation/Cannon/Cannon_Holder.controller
  artifactKey: Guid(b89a16fb6aa7215458c484eee83b89bb) Importer(815301076,1909f56bfc062723c751e8b465ee728b)
Start importing Assets/Animation/Cannon/Cannon_Holder.controller using Guid(b89a16fb6aa7215458c484eee83b89bb) Importer(815301076,1909f56bfc062723c751e8b465ee728b)  -> (artifact id: '424abf092e4123e4ea738545d1ebaeaa') in 0.024250 seconds
  Import took 0.031506 seconds .

========================================================================
Received Import Request.
  Time since last request: 227.974662 seconds.
  path: Assets/Scripts/Cannon_Ball_Spawning.cs
  artifactKey: Guid(df4e413fa6efd56429826393e812fce9) Importer(815301076,1909f56bfc062723c751e8b465ee728b)
Start importing Assets/Scripts/Cannon_Ball_Spawning.cs using Guid(df4e413fa6efd56429826393e812fce9) Importer(815301076,1909f56bfc062723c751e8b465ee728b)  -> (artifact id: '16da9eec6401977f3de4bcfe4cffbcc2') in 0.028585 seconds
  Import took 0.035249 seconds .

========================================================================
Received Prepare
Registering precompiled user dll's ...
Registered in 0.001785 seconds.
Begin MonoManager ReloadAssembly
Native extension for LinuxStandalone target not found
Native extension for WindowsStandalone target not found
Native extension for OSXStandalone target not found
Native extension for WebGL target not found
Refreshing native plugins compatible for Editor in 0.84 ms, found 1 plugins.
Preloading 0 native plugins for Editor in 0.00 ms.
Invoked RoslynAnalysisRunner static constructor.
RoslynAnalysisRunner will not be running.
RoslynAnalysisRunner has terminated.
Mono: successfully reloaded assembly
- Completed reload, in  1.908 seconds
Platform modules already initialized, skipping
Refreshing native plugins compatible for Editor in 0.66 ms, found 1 plugins.
Preloading 0 native plugins for Editor in 0.00 ms.
Unloading 1796 Unused Serialized files (Serialized files now loaded: 0)
System memory in use before: 88.4 MB.
System memory in use after: 88.3 MB.

Unloading 12 unused Assets to reduce memory usage. Loaded Objects now: 2282.
Total: 4.266100 ms (FindLiveObjects: 0.372500 ms CreateObjectMapping: 0.082100 ms MarkObjects: 3.592200 ms  DeleteObjects: 0.216000 ms)

========================================================================
Received Prepare
Registering precompiled user dll's ...
Registered in 0.001726 seconds.
Begin MonoManager ReloadAssembly
Native extension for LinuxStandalone target not found
Native extension for WindowsStandalone target not found
Native extension for OSXStandalone target not found
Native extension for WebGL target not found
Refreshing native plugins compatible for Editor in 0.71 ms, found 1 plugins.
Preloading 0 native plugins for Editor in 0.00 ms.
Invoked RoslynAnalysisRunner static constructor.
RoslynAnalysisRunner will not be running.
RoslynAnalysisRunner has terminated.
Mono: successfully reloaded assembly
- Completed reload, in  1.842 seconds
Platform modules already initialized, skipping
Refreshing native plugins compatible for Editor in 0.68 ms, found 1 plugins.
Preloading 0 native plugins for Editor in 0.00 ms.
Unloading 1796 Unused Serialized files (Serialized files now loaded: 0)
System memory in use before: 88.4 MB.
System memory in use after: 88.4 MB.

Unloading 12 unused Assets to reduce memory usage. Loaded Objects now: 2285.
Total: 3.436700 ms (FindLiveObjects: 0.382600 ms CreateObjectMapping: 0.092000 ms MarkObjects: 2.731700 ms  DeleteObjects: 0.228400 ms)

========================================================================
Received Import Request.
  Time since last request: 69.319776 seconds.
  path: Assets/Scripts/Cannon_Ball_Spawning.cs
  artifactKey: Guid(df4e413fa6efd56429826393e812fce9) Importer(815301076,1909f56bfc062723c751e8b465ee728b)
Start importing Assets/Scripts/Cannon_Ball_Spawning.cs using Guid(df4e413fa6efd56429826393e812fce9) Importer(815301076,1909f56bfc062723c751e8b465ee728b)  -> (artifact id: '8c7e56694791c6895e1bb3e13b9616d3') in 0.010615 seconds
  Import took 0.015217 seconds .

========================================================================
Received Prepare
Registering precompiled user dll's ...
Registered in 0.001751 seconds.
Begin MonoManager ReloadAssembly
Native extension for LinuxStandalone target not found
Native extension for WindowsStandalone target not found
Native extension for OSXStandalone target not found
Native extension for WebGL target not found
Refreshing native plugins compatible for Editor in 0.68 ms, found 1 plugins.
Preloading 0 native plugins for Editor in 0.00 ms.
Invoked RoslynAnalysisRunner static constructor.
RoslynAnalysisRunner will not be running.
RoslynAnalysisRunner has terminated.
Mono: successfully reloaded assembly
- Completed reload, in  2.519 seconds
Platform modules already initialized, skipping
Refreshing native plugins compatible for Editor in 0.63 ms, found 1 plugins.
Preloading 0 native plugins for Editor in 0.00 ms.
Unloading 1796 Unused Serialized files (Serialized files now loaded: 0)
System memory in use before: 88.4 MB.
System memory in use after: 88.4 MB.

Unloading 12 unused Assets to reduce memory usage. Loaded Objects now: 2288.
Total: 3.618500 ms (FindLiveObjects: 0.500300 ms CreateObjectMapping: 0.167100 ms MarkObjects: 2.742100 ms  DeleteObjects: 0.206900 ms)

========================================================================
Received Prepare
Registering precompiled user dll's ...
Registered in 0.002766 seconds.
Begin MonoManager ReloadAssembly
Native extension for LinuxStandalone target not found
Native extension for WindowsStandalone target not found
Native extension for OSXStandalone target not found
Native extension for WebGL target not found
Refreshing native plugins compatible for Editor in 0.69 ms, found 1 plugins.
Preloading 0 native plugins for Editor in 0.00 ms.
Invoked RoslynAnalysisRunner static constructor.
RoslynAnalysisRunner will not be running.
RoslynAnalysisRunner has terminated.
Mono: successfully reloaded assembly
- Completed reload, in  1.893 seconds
Platform modules already initialized, skipping
Refreshing native plugins compatible for Editor in 0.65 ms, found 1 plugins.
Preloading 0 native plugins for Editor in 0.00 ms.
Unloading 1796 Unused Serialized files (Serialized files now loaded: 0)
System memory in use before: 88.4 MB.
System memory in use after: 88.4 MB.

Unloading 12 unused Assets to reduce memory usage. Loaded Objects now: 2291.
Total: 3.378200 ms (FindLiveObjects: 0.367700 ms CreateObjectMapping: 0.089800 ms MarkObjects: 2.664300 ms  DeleteObjects: 0.253500 ms)

========================================================================
Received Import Request.
  Time since last request: 131.520057 seconds.
  path: Assets/Animation/Puffer_Fish
  artifactKey: Guid(b0d217740e0c94349abf505a6a6b7042) Importer(815301076,1909f56bfc062723c751e8b465ee728b)
Start importing Assets/Animation/Puffer_Fish using Guid(b0d217740e0c94349abf505a6a6b7042) Importer(815301076,1909f56bfc062723c751e8b465ee728b)  -> (artifact id: '742b8af2babdd2e954fff00ca5cc162c') in 0.013463 seconds
  Import took 0.022394 seconds .

========================================================================
Received Import Request.
  Time since last request: 206.743290 seconds.
  path: Assets/Puffer_Puff.anim
  artifactKey: Guid(cfef061fd04eb42418c7e8bc07878d79) Importer(815301076,1909f56bfc062723c751e8b465ee728b)
Start importing Assets/Puffer_Puff.anim using Guid(cfef061fd04eb42418c7e8bc07878d79) Importer(815301076,1909f56bfc062723c751e8b465ee728b)  -> (artifact id: 'c516de54711a6841aa13652a7dd1f6b0') in 0.073094 seconds
  Import took 0.080138 seconds .

========================================================================
Received Import Request.
  Time since last request: 5.722786 seconds.
  path: Assets/Animation/Puffer_Fish/Puffer_idle.controller
  artifactKey: Guid(4b6ff5a9deec3e7489d04e2e396516e1) Importer(815301076,1909f56bfc062723c751e8b465ee728b)
Start importing Assets/Animation/Puffer_Fish/Puffer_idle.controller using Guid(4b6ff5a9deec3e7489d04e2e396516e1) Importer(815301076,1909f56bfc062723c751e8b465ee728b)  -> (artifact id: '1c34d968b348aad71743463c324b3566') in 0.029712 seconds
  Import took 0.034230 seconds .

========================================================================
Received Import Request.
  Time since last request: 0.607668 seconds.
  path: Assets/Audio
  artifactKey: Guid(10e2424fbf90a9d4d87a95346aab3a10) Importer(815301076,1909f56bfc062723c751e8b465ee728b)
Start importing Assets/Audio using Guid(10e2424fbf90a9d4d87a95346aab3a10) Importer(815301076,1909f56bfc062723c751e8b465ee728b)  -> (artifact id: '730405f3b9b0d8ea8ff13b335bc3bced') in 0.008243 seconds
  Import took 0.013003 seconds .

========================================================================
Received Import Request.
  Time since last request: 119.307185 seconds.
  path: Assets/Scripts
  artifactKey: Guid(f3420983cc735c54a9a88507782faccf) Importer(815301076,1909f56bfc062723c751e8b465ee728b)
Start importing Assets/Scripts using Guid(f3420983cc735c54a9a88507782faccf) Importer(815301076,1909f56bfc062723c751e8b465ee728b)  -> (artifact id: 'c700d1e05b63088a98be1d4e6dd6b8a6') in 0.020672 seconds
  Import took 0.026572 seconds .

========================================================================
Received Import Request.
  Time since last request: 10.968697 seconds.
  path: Assets/Scripts/Puffer_Fish.cs
  artifactKey: Guid(04c9a89bfe0d54f4f94d4bd4362e9124) Importer(815301076,1909f56bfc062723c751e8b465ee728b)
Start importing Assets/Scripts/Puffer_Fish.cs using Guid(04c9a89bfe0d54f4f94d4bd4362e9124) Importer(815301076,1909f56bfc062723c751e8b465ee728b)  -> (artifact id: '4ea15fed9c4ebe9d4a82be4d1a1f7e19') in 0.134274 seconds
  Import took 0.154876 seconds .

========================================================================
Received Prepare
Registering precompiled user dll's ...
Registered in 0.001660 seconds.
Begin MonoManager ReloadAssembly
Native extension for LinuxStandalone target not found
Native extension for WindowsStandalone target not found
Native extension for OSXStandalone target not found
Native extension for WebGL target not found
Refreshing native plugins compatible for Editor in 0.94 ms, found 1 plugins.
Preloading 0 native plugins for Editor in 0.00 ms.
Invoked RoslynAnalysisRunner static constructor.
RoslynAnalysisRunner will not be running.
RoslynAnalysisRunner has terminated.
Mono: successfully reloaded assembly
- Completed reload, in  2.401 seconds
Platform modules already initialized, skipping
Refreshing native plugins compatible for Editor in 0.69 ms, found 1 plugins.
Preloading 0 native plugins for Editor in 0.00 ms.
Unloading 1797 Unused Serialized files (Serialized files now loaded: 0)
System memory in use before: 88.4 MB.
System memory in use after: 88.4 MB.

Unloading 12 unused Assets to reduce memory usage. Loaded Objects now: 2295.
Total: 3.487800 ms (FindLiveObjects: 0.506500 ms CreateObjectMapping: 0.081400 ms MarkObjects: 2.688400 ms  DeleteObjects: 0.208200 ms)

========================================================================
Received Prepare
Registering precompiled user dll's ...
Registered in 0.002735 seconds.
Begin MonoManager ReloadAssembly
Native extension for LinuxStandalone target not found
Native extension for WindowsStandalone target not found
Native extension for OSXStandalone target not found
Native extension for WebGL target not found
Refreshing native plugins compatible for Editor in 0.69 ms, found 1 plugins.
Preloading 0 native plugins for Editor in 0.00 ms.
Invoked RoslynAnalysisRunner static constructor.
RoslynAnalysisRunner will not be running.
RoslynAnalysisRunner has terminated.
Mono: successfully reloaded assembly
- Completed reload, in  1.673 seconds
Platform modules already initialized, skipping
Refreshing native plugins compatible for Editor in 0.64 ms, found 1 plugins.
Preloading 0 native plugins for Editor in 0.00 ms.
Unloading 1797 Unused Serialized files (Serialized files now loaded: 0)
System memory in use before: 88.4 MB.
System memory in use after: 88.4 MB.

Unloading 12 unused Assets to reduce memory usage. Loaded Objects now: 2298.
Total: 5.167500 ms (FindLiveObjects: 0.804300 ms CreateObjectMapping: 0.142600 ms MarkObjects: 3.927300 ms  DeleteObjects: 0.289500 ms)

========================================================================
Received Import Request.
  Time since last request: 157.143859 seconds.
  path: Assets/Scripts/Puffer_Fish.cs
  artifactKey: Guid(04c9a89bfe0d54f4f94d4bd4362e9124) Importer(815301076,1909f56bfc062723c751e8b465ee728b)
Start importing Assets/Scripts/Puffer_Fish.cs using Guid(04c9a89bfe0d54f4f94d4bd4362e9124) Importer(815301076,1909f56bfc062723c751e8b465ee728b)  -> (artifact id: '854475a7c1cc3f335e87754a1d306551') in 0.017405 seconds
  Import took 0.023574 seconds .

========================================================================
Received Prepare
Registering precompiled user dll's ...
Registered in 0.001862 seconds.
Begin MonoManager ReloadAssembly
Native extension for LinuxStandalone target not found
Native extension for WindowsStandalone target not found
Native extension for OSXStandalone target not found
Native extension for WebGL target not found
Refreshing native plugins compatible for Editor in 0.66 ms, found 1 plugins.
Preloading 0 native plugins for Editor in 0.00 ms.
Invoked RoslynAnalysisRunner static constructor.
RoslynAnalysisRunner will not be running.
RoslynAnalysisRunner has terminated.
Mono: successfully reloaded assembly
- Completed reload, in  2.039 seconds
Platform modules already initialized, skipping
Refreshing native plugins compatible for Editor in 0.70 ms, found 1 plugins.
Preloading 0 native plugins for Editor in 0.00 ms.
Unloading 1797 Unused Serialized files (Serialized files now loaded: 0)
System memory in use before: 88.4 MB.
System memory in use after: 88.4 MB.

Unloading 12 unused Assets to reduce memory usage. Loaded Objects now: 2301.
Total: 3.451700 ms (FindLiveObjects: 0.358700 ms CreateObjectMapping: 0.079700 ms MarkObjects: 2.821200 ms  DeleteObjects: 0.189600 ms)

========================================================================
Received Prepare
Registering precompiled user dll's ...
Registered in 0.011718 seconds.
Begin MonoManager ReloadAssembly
Native extension for LinuxStandalone target not found
Native extension for WindowsStandalone target not found
Native extension for OSXStandalone target not found
Native extension for WebGL target not found
Refreshing native plugins compatible for Editor in 0.73 ms, found 1 plugins.
Preloading 0 native plugins for Editor in 0.00 ms.
Invoked RoslynAnalysisRunner static constructor.
RoslynAnalysisRunner will not be running.
RoslynAnalysisRunner has terminated.
Mono: successfully reloaded assembly
- Completed reload, in  2.010 seconds
Platform modules already initialized, skipping
Refreshing native plugins compatible for Editor in 0.62 ms, found 1 plugins.
Preloading 0 native plugins for Editor in 0.00 ms.
Unloading 1797 Unused Serialized files (Serialized files now loaded: 0)
System memory in use before: 88.4 MB.
System memory in use after: 88.4 MB.

Unloading 12 unused Assets to reduce memory usage. Loaded Objects now: 2304.
Total: 4.001200 ms (FindLiveObjects: 0.363100 ms CreateObjectMapping: 0.083600 ms MarkObjects: 3.359600 ms  DeleteObjects: 0.192500 ms)

========================================================================
Received Prepare
Registering precompiled user dll's ...
Registered in 0.001769 seconds.
Begin MonoManager ReloadAssembly
Native extension for LinuxStandalone target not found
Native extension for WindowsStandalone target not found
Native extension for OSXStandalone target not found
Native extension for WebGL target not found
Refreshing native plugins compatible for Editor in 0.66 ms, found 1 plugins.
Preloading 0 native plugins for Editor in 0.00 ms.
Invoked RoslynAnalysisRunner static constructor.
RoslynAnalysisRunner will not be running.
RoslynAnalysisRunner has terminated.
Mono: successfully reloaded assembly
- Completed reload, in  2.431 seconds
Platform modules already initialized, skipping
Refreshing native plugins compatible for Editor in 0.82 ms, found 1 plugins.
Preloading 0 native plugins for Editor in 0.00 ms.
Unloading 1797 Unused Serialized files (Serialized files now loaded: 0)
System memory in use before: 88.4 MB.
System memory in use after: 88.4 MB.

Unloading 12 unused Assets to reduce memory usage. Loaded Objects now: 2307.
Total: 5.535500 ms (FindLiveObjects: 0.390700 ms CreateObjectMapping: 0.097200 ms MarkObjects: 4.822600 ms  DeleteObjects: 0.222000 ms)

========================================================================
Received Import Request.
  Time since last request: 211.985873 seconds.
  path: Assets/Animation/Puffer_Fish/Puffer_Puff.anim
  artifactKey: Guid(cfef061fd04eb42418c7e8bc07878d79) Importer(815301076,1909f56bfc062723c751e8b465ee728b)
Start importing Assets/Animation/Puffer_Fish/Puffer_Puff.anim using Guid(cfef061fd04eb42418c7e8bc07878d79) Importer(815301076,1909f56bfc062723c751e8b465ee728b)  -> (artifact id: 'e1a6ac0a91747971f5c0fa8636e6d580') in 0.052125 seconds
  Import took 0.058343 seconds .

========================================================================
Received Import Request.
  Time since last request: 1.344228 seconds.
  path: Assets/Animation/Puffer_Fish/Puffer_idle.controller
  artifactKey: Guid(4b6ff5a9deec3e7489d04e2e396516e1) Importer(815301076,1909f56bfc062723c751e8b465ee728b)
Start importing Assets/Animation/Puffer_Fish/Puffer_idle.controller using Guid(4b6ff5a9deec3e7489d04e2e396516e1) Importer(815301076,1909f56bfc062723c751e8b465ee728b)  -> (artifact id: 'a44ab083f7fadd49e3610fc4be97f512') in 0.010920 seconds
  Import took 0.017492 seconds .

========================================================================
Received Prepare
Registering precompiled user dll's ...
Registered in 0.001790 seconds.
Begin MonoManager ReloadAssembly
Native extension for LinuxStandalone target not found
Native extension for WindowsStandalone target not found
Native extension for OSXStandalone target not found
Native extension for WebGL target not found
Refreshing native plugins compatible for Editor in 0.70 ms, found 1 plugins.
Preloading 0 native plugins for Editor in 0.00 ms.
Invoked RoslynAnalysisRunner static constructor.
RoslynAnalysisRunner will not be running.
RoslynAnalysisRunner has terminated.
Mono: successfully reloaded assembly
- Completed reload, in  2.208 seconds
Platform modules already initialized, skipping
Refreshing native plugins compatible for Editor in 0.63 ms, found 1 plugins.
Preloading 0 native plugins for Editor in 0.00 ms.
Unloading 1797 Unused Serialized files (Serialized files now loaded: 0)
System memory in use before: 88.5 MB.
System memory in use after: 88.4 MB.

Unloading 12 unused Assets to reduce memory usage. Loaded Objects now: 2310.
Total: 3.406700 ms (FindLiveObjects: 0.381300 ms CreateObjectMapping: 0.093100 ms MarkObjects: 2.700000 ms  DeleteObjects: 0.228800 ms)

========================================================================
Received Prepare
Registering precompiled user dll's ...
Registered in 0.002285 seconds.
Begin MonoManager ReloadAssembly
Native extension for LinuxStandalone target not found
Native extension for WindowsStandalone target not found
Native extension for OSXStandalone target not found
Native extension for WebGL target not found
Refreshing native plugins compatible for Editor in 0.70 ms, found 1 plugins.
Preloading 0 native plugins for Editor in 0.00 ms.
Invoked RoslynAnalysisRunner static constructor.
RoslynAnalysisRunner will not be running.
RoslynAnalysisRunner has terminated.
Mono: successfully reloaded assembly
- Completed reload, in  2.159 seconds
Platform modules already initialized, skipping
Refreshing native plugins compatible for Editor in 0.90 ms, found 1 plugins.
Preloading 0 native plugins for Editor in 0.00 ms.
Unloading 1797 Unused Serialized files (Serialized files now loaded: 0)
System memory in use before: 88.5 MB.
System memory in use after: 88.5 MB.

Unloading 12 unused Assets to reduce memory usage. Loaded Objects now: 2313.
Total: 3.706800 ms (FindLiveObjects: 0.382200 ms CreateObjectMapping: 0.083600 ms MarkObjects: 3.050300 ms  DeleteObjects: 0.188400 ms)

========================================================================
Received Prepare
Registering precompiled user dll's ...
Registered in 0.001687 seconds.
Begin MonoManager ReloadAssembly
Native extension for LinuxStandalone target not found
Native extension for WindowsStandalone target not found
Native extension for OSXStandalone target not found
Native extension for WebGL target not found
Refreshing native plugins compatible for Editor in 0.73 ms, found 1 plugins.
Preloading 0 native plugins for Editor in 0.00 ms.
Invoked RoslynAnalysisRunner static constructor.
RoslynAnalysisRunner will not be running.
RoslynAnalysisRunner has terminated.
Mono: successfully reloaded assembly
- Completed reload, in  2.077 seconds
Platform modules already initialized, skipping
Refreshing native plugins compatible for Editor in 0.67 ms, found 1 plugins.
Preloading 0 native plugins for Editor in 0.00 ms.
Unloading 1797 Unused Serialized files (Serialized files now loaded: 0)
System memory in use before: 88.5 MB.
System memory in use after: 88.5 MB.

Unloading 12 unused Assets to reduce memory usage. Loaded Objects now: 2316.
Total: 4.984000 ms (FindLiveObjects: 0.373000 ms CreateObjectMapping: 0.084200 ms MarkObjects: 3.875900 ms  DeleteObjects: 0.648000 ms)

AssetImportWorkerClient::OnTransportError - code=2 error=End of file
